  Input.cpp
C:\Users\Fabian\source\repos\LearnOpenGL\LearnOpenGL\Input.cpp(7,10): error C2450: a switch expression of type 'GLFWwindow *' is not valid
C:\Users\Fabian\source\repos\LearnOpenGL\LearnOpenGL\Input.cpp(7,10): message : Integral expression required
C:\Users\Fabian\source\repos\LearnOpenGL\LearnOpenGL\Input.cpp(10,44): error C2131: expression did not evaluate to a constant
C:\Users\Fabian\source\repos\LearnOpenGL\LearnOpenGL\Input.cpp(10,19): message : failure was caused by a read of a variable outside its lifetime
C:\Users\Fabian\source\repos\LearnOpenGL\LearnOpenGL\Input.cpp(10,19): message : see usage of 'window'
C:\Users\Fabian\source\repos\LearnOpenGL\LearnOpenGL\Input.cpp(15,40): error C2131: expression did not evaluate to a constant
C:\Users\Fabian\source\repos\LearnOpenGL\LearnOpenGL\Input.cpp(15,20): message : failure was caused by a read of a variable outside its lifetime
C:\Users\Fabian\source\repos\LearnOpenGL\LearnOpenGL\Input.cpp(15,20): message : see usage of 'window'
C:\Users\Fabian\source\repos\LearnOpenGL\LearnOpenGL\Input.cpp(20,40): error C2131: expression did not evaluate to a constant
C:\Users\Fabian\source\repos\LearnOpenGL\LearnOpenGL\Input.cpp(20,20): message : failure was caused by a read of a variable outside its lifetime
C:\Users\Fabian\source\repos\LearnOpenGL\LearnOpenGL\Input.cpp(20,20): message : see usage of 'window'
C:\Users\Fabian\source\repos\LearnOpenGL\LearnOpenGL\Input.cpp(25,40): error C2131: expression did not evaluate to a constant
C:\Users\Fabian\source\repos\LearnOpenGL\LearnOpenGL\Input.cpp(25,20): message : failure was caused by a read of a variable outside its lifetime
C:\Users\Fabian\source\repos\LearnOpenGL\LearnOpenGL\Input.cpp(25,20): message : see usage of 'window'
C:\Users\Fabian\source\repos\LearnOpenGL\LearnOpenGL\Input.cpp(30,40): error C2131: expression did not evaluate to a constant
C:\Users\Fabian\source\repos\LearnOpenGL\LearnOpenGL\Input.cpp(30,20): message : failure was caused by a read of a variable outside its lifetime
C:\Users\Fabian\source\repos\LearnOpenGL\LearnOpenGL\Input.cpp(30,20): message : see usage of 'window'
C:\Users\Fabian\source\repos\LearnOpenGL\LearnOpenGL\Input.cpp(10,3): error C2051: case expression not constant
C:\Users\Fabian\source\repos\LearnOpenGL\LearnOpenGL\Input.cpp(15,3): error C2051: case expression not constant
C:\Users\Fabian\source\repos\LearnOpenGL\LearnOpenGL\Input.cpp(20,3): error C2051: case expression not constant
C:\Users\Fabian\source\repos\LearnOpenGL\LearnOpenGL\Input.cpp(25,3): error C2051: case expression not constant
C:\Users\Fabian\source\repos\LearnOpenGL\LearnOpenGL\Input.cpp(30,3): error C2051: case expression not constant
C:\Users\Fabian\source\repos\LearnOpenGL\LearnOpenGL\Input.cpp(37,2): warning C4065: switch statement contains 'default' but no 'case' labels
  WinMain.cpp
C:\Users\Fabian\source\repos\LearnOpenGL\LearnOpenGL\WinMain.cpp(58,25): warning C4101: 'EBO': unreferenced local variable
C:\Users\Fabian\source\repos\LearnOpenGL\LearnOpenGL\WinMain.cpp(58,20): warning C4101: 'VAO': unreferenced local variable
  Generating Code...
